<?xml version="1.0" encoding="UTF-8"?>
<!-- Generated by org.testng.reporters.JUnitReportReporter -->
<testsuite hostname="BLLCLAPUS1410" failures="0" tests="2" name="ToolsqaGroupTest" time="36.697" errors="0" timestamp="2022-02-16T14:30:31 PST" skipped="0">
  <testcase classname="ToolsqaGroupTest" name="checkTitle" time="20.162"/>
  <system-out/>
  <testcase classname="ToolsqaGroupTest" name="click_element" time="16.535"/>
  <system-out/>
</testsuite> <!-- ToolsqaGroupTest -->
