<?xml version="1.0" encoding="UTF-8"?>
<!-- Generated by org.testng.reporters.JUnitReportReporter -->
<testsuite hostname="BLLCLAPUS1410" failures="0" tests="1" name="com.qa.EbayBrokenLinkTest" time="15.364" errors="0" timestamp="2022-02-21T13:32:13 PST" skipped="0">
  <testcase classname="com.qa.EbayBrokenLinkTest" name="verifyFooterLinks" time="15.364"/>
  <system-out/>
</testsuite> <!-- com.qa.EbayBrokenLinkTest -->
